<?xml version="1.0" encoding="UTF-8"?>
<!-- Generated by org.testng.reporters.JUnitReportReporter -->
<testsuite hostname="Ankit" failures="1" tests="1" name="cucumberOptions.failedTestRunner" time="10.276" errors="0" timestamp="2023-09-04T19:56:56 IST" skipped="0">
  <testcase classname="cucumberOptions.failedTestRunner" name="runScenario" time="10.276">
    <failure message="expected [Beetroot] but found [No data]" type="java.lang.AssertionError">
      <![CDATA[java.lang.AssertionError: expected [Beetroot] but found [No data]
at org.testng.Assert.fail(Assert.java:111)
at org.testng.Assert.failNotEquals(Assert.java:1578)
at org.testng.Assert.assertEqualsImpl(Assert.java:150)
at org.testng.Assert.assertEquals(Assert.java:132)
at org.testng.Assert.assertEquals(Assert.java:656)
at org.testng.Assert.assertEquals(Assert.java:666)
at stepDefinations.OfferPageStepDefination.user_searched_for_shortname_in_offers_page_to_check_if_product_exist_with_same_name(OfferPageStepDefination.java:39)
at ✽.user searched for Beet shortname in offers page to check if product exist with same name(file:///C:/Users/HP/eclipse-workspace/CucumberFramework/src/test/java/features/searchProduct.feature:8)
]]>
    </failure>
  </testcase> <!-- runScenario -->
</testsuite> <!-- cucumberOptions.failedTestRunner -->
